[25May2025 23:53:15.288] [main/INFO] [cpw.mods.modlauncher.Launcher/MODLAUNCHER]: ModLauncher running: args [--gameDir, ., --launchTarget, fmlserver, --fml.forgeVersion, 36.2.42, --fml.mcpVersion, 20210115.111550, --fml.mcVersion, 1.16.5, --fml.forgeGroup, net.minecraftforge, nogui]
[25May2025 23:53:15.292] [main/INFO] [cpw.mods.modlauncher.Launcher/MODLAUNCHER]: ModLauncher 8.1.3+8.1.3+main-8.1.x.c94d18ec starting: java version 11.0.27 by Ubuntu
[25May2025 23:53:15.617] [main/INFO] [optifine.OptiFineTransformationService/]: OptiFineTransformationService.onLoad
[25May2025 23:53:15.619] [main/INFO] [optifine.OptiFineTransformationService/]: OptiFine ZIP file: /workspaces/soypobrexd/servidor_minecraft/mods/OptiFine-OptiFine-1.16.5_HD_U_G8_pre2.jar
[25May2025 23:53:15.623] [main/INFO] [optifine.OptiFineTransformer/]: Target.PRE_CLASS is available
[25May2025 23:53:15.824] [main/INFO] [net.minecraftforge.fml.loading.FixSSL/CORE]: Added Lets Encrypt root certificates as additional trust
[25May2025 23:53:15.968] [main/INFO] [mixin/]: SpongePowered MIXIN Subsystem Version=0.8.4 Source=file:/workspaces/soypobrexd/servidor_minecraft/libraries/org/spongepowered/mixin/0.8.4/mixin-0.8.4.jar Service=ModLauncher Env=SERVER
[25May2025 23:53:15.994] [main/INFO] [optifine.OptiFineTransformationService/]: OptiFineTransformationService.initialize
[25May2025 23:53:16.840] [main/INFO] [STDERR/]: [jdk.nashorn.api.scripting.NashornScriptEngine:<init>:143]: Warning: Nashorn engine is planned to be removed from a future JDK release
[25May2025 23:53:17.001] [main/INFO] [STDERR/]: [jdk.nashorn.api.scripting.NashornScriptEngine:<init>:143]: Warning: Nashorn engine is planned to be removed from a future JDK release
[25May2025 23:53:17.017] [main/INFO] [STDERR/]: [jdk.nashorn.api.scripting.NashornScriptEngine:<init>:143]: Warning: Nashorn engine is planned to be removed from a future JDK release
[25May2025 23:53:17.030] [main/INFO] [STDERR/]: [jdk.nashorn.api.scripting.NashornScriptEngine:<init>:143]: Warning: Nashorn engine is planned to be removed from a future JDK release
[25May2025 23:53:17.047] [main/INFO] [STDERR/]: [jdk.nashorn.api.scripting.NashornScriptEngine:<init>:143]: Warning: Nashorn engine is planned to be removed from a future JDK release
[25May2025 23:53:17.061] [main/INFO] [STDERR/]: [jdk.nashorn.api.scripting.NashornScriptEngine:<init>:143]: Warning: Nashorn engine is planned to be removed from a future JDK release
[25May2025 23:53:17.073] [main/INFO] [STDERR/]: [jdk.nashorn.api.scripting.NashornScriptEngine:<init>:143]: Warning: Nashorn engine is planned to be removed from a future JDK release
[25May2025 23:53:17.423] [main/INFO] [optifine.OptiFineTransformationService/]: OptiFineTransformationService.transformers
[25May2025 23:53:17.447] [main/INFO] [optifine.OptiFineTransformer/]: Targets: 308
[25May2025 23:53:19.756] [main/INFO] [optifine.OptiFineTransformationService/]: additionalClassesLocator: [optifine., net.optifine.]
[25May2025 23:53:20.062] [main/INFO] [cpw.mods.modlauncher.LaunchServiceHandler/MODLAUNCHER]: Launching target 'fmlserver' with arguments [--gameDir, ., nogui]
[25May2025 23:53:22.026] [main/FATAL] [net.minecraftforge.fml.loading.RuntimeDistCleaner/DISTXFORM]: Attempted to load class net/minecraft/client/gui/screen/Screen for invalid dist DEDICATED_SERVER
[25May2025 23:53:22.027] [main/INFO] [STDERR/]: [java.lang.ThreadGroup:uncaughtException:1050]: java.lang.RuntimeException: java.lang.reflect.InvocationTargetException
[25May2025 23:53:22.027] [main/INFO] [STDERR/]: [java.lang.ThreadGroup:uncaughtException:1050]: 	at cpw.mods.modlauncher.LaunchServiceHandlerDecorator.launch(LaunchServiceHandlerDecorator.java:39)
[25May2025 23:53:22.027] [main/INFO] [STDERR/]: [java.lang.ThreadGroup:uncaughtException:1050]: 	at cpw.mods.modlauncher.LaunchServiceHandler.launch(LaunchServiceHandler.java:54)
[25May2025 23:53:22.028] [main/INFO] [STDERR/]: [java.lang.ThreadGroup:uncaughtException:1050]: 	at cpw.mods.modlauncher.LaunchServiceHandler.launch(LaunchServiceHandler.java:72)
[25May2025 23:53:22.028] [main/INFO] [STDERR/]: [java.lang.ThreadGroup:uncaughtException:1050]: 	at cpw.mods.modlauncher.Launcher.run(Launcher.java:82)
[25May2025 23:53:22.028] [main/INFO] [STDERR/]: [java.lang.ThreadGroup:uncaughtException:1050]: 	at cpw.mods.modlauncher.Launcher.main(Launcher.java:66)
[25May2025 23:53:22.028] [main/INFO] [STDERR/]: [java.lang.ThreadGroup:uncaughtException:1050]: 	at net.minecraftforge.server.ServerMain$Runner.runLauncher(ServerMain.java:49)
[25May2025 23:53:22.029] [main/INFO] [STDERR/]: [java.lang.ThreadGroup:uncaughtException:1050]: 	at net.minecraftforge.server.ServerMain$Runner.access$100(ServerMain.java:46)
[25May2025 23:53:22.030] [main/INFO] [STDERR/]: [java.lang.ThreadGroup:uncaughtException:1050]: 	at net.minecraftforge.server.ServerMain.main(ServerMain.java:43)
[25May2025 23:53:22.031] [main/INFO] [STDERR/]: [java.lang.ThreadGroup:uncaughtException:1059]: Caused by: java.lang.reflect.InvocationTargetException
[25May2025 23:53:22.031] [main/INFO] [STDERR/]: [java.lang.ThreadGroup:uncaughtException:1059]: 	at java.base/jdk.internal.reflect.NativeMethodAccessorImpl.invoke0(Native Method)
[25May2025 23:53:22.031] [main/INFO] [STDERR/]: [java.lang.ThreadGroup:uncaughtException:1059]: 	at java.base/jdk.internal.reflect.NativeMethodAccessorImpl.invoke(NativeMethodAccessorImpl.java:62)
[25May2025 23:53:22.031] [main/INFO] [STDERR/]: [java.lang.ThreadGroup:uncaughtException:1059]: 	at java.base/jdk.internal.reflect.DelegatingMethodAccessorImpl.invoke(DelegatingMethodAccessorImpl.java:43)
[25May2025 23:53:22.032] [main/INFO] [STDERR/]: [java.lang.ThreadGroup:uncaughtException:1059]: 	at java.base/java.lang.reflect.Method.invoke(Method.java:566)
[25May2025 23:53:22.032] [main/INFO] [STDERR/]: [java.lang.ThreadGroup:uncaughtException:1059]: 	at net.minecraftforge.fml.loading.FMLServerLaunchProvider.lambda$launchService$0(FMLServerLaunchProvider.java:37)
[25May2025 23:53:22.032] [main/INFO] [STDERR/]: [java.lang.ThreadGroup:uncaughtException:1059]: 	at cpw.mods.modlauncher.LaunchServiceHandlerDecorator.launch(LaunchServiceHandlerDecorator.java:37)
[25May2025 23:53:22.033] [main/INFO] [STDERR/]: [java.lang.ThreadGroup:uncaughtException:1059]: 	... 7 more
[25May2025 23:53:22.033] [main/INFO] [STDERR/]: [java.lang.Throwable:printStackTrace:648]: Caused by: java.lang.ExceptionInInitializerError
[25May2025 23:53:22.033] [main/INFO] [STDERR/]: [java.lang.Throwable:printStackTrace:648]: 	at net.minecraft.crash.CrashReport.func_71504_g(CrashReport.java:101)
[25May2025 23:53:22.033] [main/INFO] [STDERR/]: [java.lang.Throwable:printStackTrace:648]: 	at net.minecraft.crash.CrashReport.<init>(CrashReport.java:54)
[25May2025 23:53:22.034] [main/INFO] [STDERR/]: [java.lang.Throwable:printStackTrace:648]: 	at net.minecraft.crash.CrashReport.func_230188_h_(CrashReport.java:425)
[25May2025 23:53:22.034] [main/INFO] [STDERR/]: [java.lang.Throwable:printStackTrace:648]: 	at net.minecraft.server.Main.main(Main.java:91)
[25May2025 23:53:22.034] [main/INFO] [STDERR/]: [java.lang.Throwable:printStackTrace:648]: 	... 13 more
[25May2025 23:53:22.035] [main/INFO] [STDERR/]: [java.lang.Throwable:printStackTrace:671]: Caused by: java.lang.RuntimeException: Attempted to load class net/minecraft/client/gui/screen/Screen for invalid dist DEDICATED_SERVER
[25May2025 23:53:22.035] [main/INFO] [STDERR/]: [java.lang.Throwable:printStackTrace:671]: 	at net.minecraftforge.fml.loading.RuntimeDistCleaner.processClassWithFlags(RuntimeDistCleaner.java:57)
[25May2025 23:53:22.035] [main/INFO] [STDERR/]: [java.lang.Throwable:printStackTrace:671]: 	at cpw.mods.modlauncher.LaunchPluginHandler.offerClassNodeToPlugins(LaunchPluginHandler.java:85)
[25May2025 23:53:22.035] [main/INFO] [STDERR/]: [java.lang.Throwable:printStackTrace:671]: 	at cpw.mods.modlauncher.ClassTransformer.transform(ClassTransformer.java:120)
[25May2025 23:53:22.035] [main/INFO] [STDERR/]: [java.lang.Throwable:printStackTrace:671]: 	at cpw.mods.modlauncher.TransformingClassLoader$DelegatedClassLoader.findClass(TransformingClassLoader.java:265)
[25May2025 23:53:22.035] [main/INFO] [STDERR/]: [java.lang.Throwable:printStackTrace:671]: 	at cpw.mods.modlauncher.TransformingClassLoader.loadClass(TransformingClassLoader.java:136)
[25May2025 23:53:22.035] [main/INFO] [STDERR/]: [java.lang.Throwable:printStackTrace:671]: 	at cpw.mods.modlauncher.TransformingClassLoader.loadClass(TransformingClassLoader.java:98)
[25May2025 23:53:22.036] [main/INFO] [STDERR/]: [java.lang.Throwable:printStackTrace:671]: 	at java.base/java.lang.ClassLoader.loadClass(ClassLoader.java:527)
[25May2025 23:53:22.036] [main/INFO] [STDERR/]: [java.lang.Throwable:printStackTrace:671]: 	at net.optifine.reflect.Reflector.<clinit>(Reflector.java:185)
[25May2025 23:53:22.036] [main/INFO] [STDERR/]: [java.lang.Throwable:printStackTrace:671]: 	... 17 more
